<?xml version="1.0" encoding="UTF-8"?>
<testsuites>
  <testsuite name="" tests="8" assertions="12" errors="2" warnings="0" failures="0" skipped="0" time="0.450875">
    <testsuite name="Unit" tests="2" assertions="2" errors="0" warnings="0" failures="0" skipped="0" time="0.180100">
      <testsuite name="Tests\Unit\ExampleTest" file="/Users/jyotipawar/sites/tagsystem/tests/Unit/ExampleTest.php" tests="1" assertions="1" errors="0" warnings="0" failures="0" skipped="0" time="0.002704">
        <testcase name="test_example" class="Tests\Unit\ExampleTest" classname="Tests.Unit.ExampleTest" file="/Users/jyotipawar/sites/tagsystem/tests/Unit/ExampleTest.php" line="14" assertions="1" time="0.002704"/>
      </testsuite>
      <testsuite name="Tests\Unit\UserTest" file="/Users/jyotipawar/sites/tagsystem/tests/Unit/UserTest.php" tests="1" assertions="1" errors="0" warnings="0" failures="0" skipped="0" time="0.177396">
        <testcase name="test_is_user_has_taxonomies" class="Tests\Unit\UserTest" classname="Tests.Unit.UserTest" file="/Users/jyotipawar/sites/tagsystem/tests/Unit/UserTest.php" line="16" assertions="1" time="0.177396"/>
      </testsuite>
    </testsuite>
    <testsuite name="Feature" tests="6" assertions="10" errors="2" warnings="0" failures="0" skipped="0" time="0.270775">
      <testsuite name="Tests\Feature\TaxonomyTest" file="/Users/jyotipawar/sites/tagsystem/tests/Feature/TaxonomyTest.php" tests="6" assertions="10" errors="2" warnings="0" failures="0" skipped="0" time="0.270775">
        <testcase name="test_is_project_tag_systemworking" class="Tests\Feature\TaxonomyTest" classname="Tests.Feature.TaxonomyTest" file="/Users/jyotipawar/sites/tagsystem/tests/Feature/TaxonomyTest.php" line="28" assertions="2" time="0.105480"/>
        <testcase name="test_taxonomy_requires_title" class="Tests\Feature\TaxonomyTest" classname="Tests.Feature.TaxonomyTest" file="/Users/jyotipawar/sites/tagsystem/tests/Feature/TaxonomyTest.php" line="59" assertions="4" time="0.041650"/>
        <testcase name="test_is_taxonomy_created_and_accessible" class="Tests\Feature\TaxonomyTest" classname="Tests.Feature.TaxonomyTest" file="/Users/jyotipawar/sites/tagsystem/tests/Feature/TaxonomyTest.php" line="82" assertions="2" time="0.040610"/>
        <testcase name="test_only_authenticated_user_can_post_taxonomy" class="Tests\Feature\TaxonomyTest" classname="Tests.Feature.TaxonomyTest" file="/Users/jyotipawar/sites/tagsystem/tests/Feature/TaxonomyTest.php" line="105" assertions="2" time="0.029297"/>
        <testcase name="test_a_authenticated_users_taxonomies_create" class="Tests\Feature\TaxonomyTest" classname="Tests.Feature.TaxonomyTest" file="/Users/jyotipawar/sites/tagsystem/tests/Feature/TaxonomyTest.php" line="113" assertions="0" time="0.031154">
          <error type="PHPUnit\Framework\RiskyTestError">Tests\Feature\TaxonomyTest::test_a_authenticated_users_taxonomies_create
This test did not perform any assertions

/Users/jyotipawar/sites/tagsystem/tests/Feature/TaxonomyTest.php:113</error>
        </testcase>
        <testcase name="testClickHome" class="Tests\Feature\TaxonomyTest" classname="Tests.Feature.TaxonomyTest" file="/Users/jyotipawar/sites/tagsystem/tests/Feature/TaxonomyTest.php" line="118" assertions="0" time="0.022584">
          <error type="Error">Tests\Feature\TaxonomyTest::testClickHome
Error: Call to undefined method Tests\Feature\TaxonomyTest::visit()

/Users/jyotipawar/sites/tagsystem/tests/Feature/TaxonomyTest.php:121</error>
        </testcase>
      </testsuite>
    </testsuite>
  </testsuite>
</testsuites>
